Arguments: 
  C:\Program Files\nodejs\node.exe C:\Program Files\nodejs\node_modules\yarn\bin\yarn.js add gulp gulp-gh-pages guld-load-plugins --save-dev

PATH: 
  C:\Program Files\Git\mingw64\bin;C:\Program Files\Git\usr\bin;C:\Users\S69PM\bin;C:\Program Files (x86)\Serena\vm\win32\bin;C:\Program Files (x86)\Serena\vm\win64\bin;C:\Program Files (x86)\Serena\vm\common\bin\win32;C:\Program Files (x86)\Serena\vm\common\bin\win64;C:\Program Files\Amazon Corretto\jdk11.0.8_10\bin;X:\Tools\apache-maven-3.6.3\bin;C:\tibco\tibrv\8.4\bin;C:\Program Files (x86)\Common Files\Oracle\Java\javapath;C:\ProgramData\Oracle\Java\javapath;C:\windows\system32;C:\windows;C:\windows\System32\Wbem;C:\windows\System32\WindowsPowerShell\v1.0;C:\Program Files (x86)\Common Files\Hitachi ID;C:\Program Files\Common Files\Hitachi ID;C:\Program Files\IBM\WebSphere MQ\bin64;C:\Program Files\IBM\WebSphere MQ\bin;C:\Program Files (x86)\Microsoft SQL Server\140\Tools\Binn;C:\Program Files\Microsoft SQL Server\130\Tools\Binn;C:\Program Files\Microsoft SQL Server\120\Tools\Binn;C:\Program Files (x86)\Microsoft Emulator Manager\1.0;C:\Program Files (x86)\Microsoft SQL Server\Client SDK\ODBC\130\Tools\Binn;C:\Program Files (x86)\Microsoft SQL Server\140\DTS\Binn;C:\Program Files (x86)\Microsoft SQL Server\140\Tools\Binn\ManagementStudio;C:\Program Files\Microsoft SQL Server\Client SDK\ODBC\130\Tools\Binn;C:\Program Files\Microsoft SQL Server\140\Tools\Binn;C:\Program Files\Microsoft SQL Server\140\DTS\Binn;C:\Program Files (x86)\Microsoft Team Foundation Server 2015 Power Tools;C:\Program Files\Microsoft SQL Server\Client SDK\ODBC\170\Tools\Binn;C:\Program Files\Microsoft\Web Platform Installer;C:\Program Files (x86)\Microsoft SQL Server\150\DTS\Binn;C:\Android;C:\Windows\System32;C:\Program Files\LINQPad6;C:\Program Files (x86)\dotnet;C:\Program Files (x86)\LINQPad5;C:\WINDOWS\system32;C:\WINDOWS;C:\WINDOWS\System32\Wbem;C:\WINDOWS\System32\WindowsPowerShell\v1.0;C:\WINDOWS\System32\OpenSSH;C:\Program Files\TortoiseGit\bin;C:\Program Files\Git\cmd;C:\Program Files (x86)\Microsoft SQL Server\120\DTS\Binn;C:\Program Files (x86)\Microsoft SQL Server\130\DTS\Binn;C:\Users\S69PM\AppData\Roaming\nvm;C:\Program Files\nodejs;C:\Program Files (x86)\GitExtensions;C:\Program Files\Docker\Docker\resources\bin;C:\ProgramData\DockerDesktop\version-bin;C:\Users\S69PM\AppData\Local\Microsoft\WindowsApps;C:\Users\S69PM\AppData\Local\Programs\Microsoft VS Code\bin;C:\Users\S69PM\AppData\Local\Programs\Fiddler;C:\Program Files (x86)\Nmap;C:\Users\S69PM\AppData\Local\GitHubDesktop\bin;C:\Users\S69PM\AppData\Roaming\npm;C:\Users\S69PM\.dotnet\tools;C:\Users\S69PM\AppData\Local\Microsoft\WindowsApps;C:\Users\S69PM\AppData\Roaming\nvm;C:\Program Files\nodejs;C:\Users\S69PM\.dotnet\tools

Yarn version: 
  1.22.5

Node version: 
  8.17.0

Platform: 
  win32 x64

Trace: 
  Error: https://registry.yarnpkg.com/guld-load-plugins: Not found
      at Request.params.callback [as _callback] (C:\Users\S69PM\AppData\Roaming\nvm\v8.17.0\node_modules\yarn\lib\cli.js:66988:18)
      at Request.self.callback (C:\Users\S69PM\AppData\Roaming\nvm\v8.17.0\node_modules\yarn\lib\cli.js:140662:22)
      at emitTwo (events.js:126:13)
      at Request.emit (events.js:214:7)
      at Request.<anonymous> (C:\Users\S69PM\AppData\Roaming\nvm\v8.17.0\node_modules\yarn\lib\cli.js:141634:10)
      at emitOne (events.js:116:13)
      at Request.emit (events.js:211:7)
      at IncomingMessage.<anonymous> (C:\Users\S69PM\AppData\Roaming\nvm\v8.17.0\node_modules\yarn\lib\cli.js:141556:12)
      at Object.onceWrapper (events.js:313:30)
      at emitNone (events.js:111:20)

npm manifest: 
  {
    "name": "dev-ops-me",
    "version": "1.0.0",
    "description": "dev-ops tips",
    "main": "index.js",
    "scripts": {
      "test": "echo \"Error: no test specified\" && exit 1"
    },
    "repository": {
      "type": "git",
      "url": "git+https://github.com/zyonet/dev-ops-me.git"
    },
    "keywords": [
      "dev-ops",
      "gitbook"
    ],
    "author": "Yong Zhao",
    "license": "MIT",
    "bugs": {
      "url": "https://github.com/zyonet/dev-ops-me/issues"
    },
    "homepage": "https://github.com/zyonet/dev-ops-me#readme"
  }

yarn manifest: 
  No manifest

Lockfile: 
  No lockfile
